This is pdfTeX, Version 3.141592653-2.6-1.40.24 (TeX Live 2022/nixos.org) (preloaded format=pdflatex 1980.1.1)  4 MAR 2024 12:27
entering extended mode
 restricted \write18 enabled.
 file:line:error style messages enabled.
 %&-line parsing enabled.
**"Discrete Mathematics.tex"
(./Discrete Mathematics.tex
LaTeX2e <2022-11-01> patch level 1
L3 programming layer <2023-02-22> (/nix/store/00fq34rkqxmppgjq8rm99m58mk560cld-texlive-combined-2022-texmfdist/tex/latex/base/report.cls
Document Class: report 2022/07/02 v1.4n Standard LaTeX document class
(/nix/store/00fq34rkqxmppgjq8rm99m58mk560cld-texlive-combined-2022-texmfdist/tex/latex/base/size12.clo
File: size12.clo 2022/07/02 v1.4n Standard LaTeX file (size option)
)
\c@part=\count185
\c@chapter=\count186
\c@section=\count187
\c@subsection=\count188
\c@subsubsection=\count189
\c@paragraph=\count190
\c@subparagraph=\count191
\c@figure=\count192
\c@table=\count193
\abovecaptionskip=\skip48
\belowcaptionskip=\skip49
\bibindent=\dimen140
) (/nix/store/00fq34rkqxmppgjq8rm99m58mk560cld-texlive-combined-2022-texmfdist/tex/latex/xcolor/xcolor.sty
Package: xcolor 2022/06/12 v2.14 LaTeX color extensions (UK)
 (/nix/store/00fq34rkqxmppgjq8rm99m58mk560cld-texlive-combined-2022-texmfdist/tex/latex/graphics-cfg/color.cfg
File: color.cfg 2016/01/02 v1.6 sample color configuration
)
Package xcolor Info: Driver file: pdftex.def on input line 227.
 (/nix/store/00fq34rkqxmppgjq8rm99m58mk560cld-texlive-combined-2022-texmfdist/tex/latex/graphics-def/pdftex.def
File: pdftex.def 2022/09/22 v1.2b Graphics/color driver for pdftex
) (/nix/store/00fq34rkqxmppgjq8rm99m58mk560cld-texlive-combined-2022-texmfdist/tex/latex/graphics/mathcolor.ltx)
Package xcolor Info: Model `cmy' substituted by `cmy0' on input line 1353.
Package xcolor Info: Model `hsb' substituted by `rgb' on input line 1357.
Package xcolor Info: Model `RGB' extended on input line 1369.
Package xcolor Info: Model `HTML' substituted by `rgb' on input line 1371.
Package xcolor Info: Model `Hsb' substituted by `hsb' on input line 1372.
Package xcolor Info: Model `tHsb' substituted by `hsb' on input line 1373.
Package xcolor Info: Model `HSB' substituted by `hsb' on input line 1374.
Package xcolor Info: Model `Gray' substituted by `gray' on input line 1375.
Package xcolor Info: Model `wave' substituted by `hsb' on input line 1376.
 (/nix/store/00fq34rkqxmppgjq8rm99m58mk560cld-texlive-combined-2022-texmfdist/tex/latex/graphics/dvipsnam.def
File: dvipsnam.def 2016/06/17 v3.0m Driver-dependent file (DPC,SPQR)
)) (../Nyx/nyx-packages.sty

LaTeX Warning: You have requested package `../Nyx/nyx-packages',
               but the package provides `nyx-packages'.

Package: nyx-packages Nyx Required Packages
(/nix/store/00fq34rkqxmppgjq8rm99m58mk560cld-texlive-combined-2022-texmfdist/tex/latex/base/inputenc.sty
Package: inputenc 2021/02/14 v1.3d Input encoding file
\inpenc@prehook=\toks16
\inpenc@posthook=\toks17
) (/nix/store/00fq34rkqxmppgjq8rm99m58mk560cld-texlive-combined-2022-texmfdist/tex/latex/base/fontenc.sty
Package: fontenc 2021/04/29 v2.0v Standard LaTeX package
) (/nix/store/00fq34rkqxmppgjq8rm99m58mk560cld-texlive-combined-2022-texmfdist/tex/latex/eurosym/eurosym.sty
Package: eurosym 1998/08/06 v1.1 European currency symbol ``Euro''
\@eurobox=\box51
) (/nix/store/00fq34rkqxmppgjq8rm99m58mk560cld-texlive-combined-2022-texmfdist/tex/latex/titlesec/titlesec.sty
Package: titlesec 2021/07/05 v2.14 Sectioning titles
\ttl@box=\box52
\beforetitleunit=\skip50
\aftertitleunit=\skip51
\ttl@plus=\dimen141
\ttl@minus=\dimen142
\ttl@toksa=\toks18
\titlewidth=\dimen143
\titlewidthlast=\dimen144
\titlewidthfirst=\dimen145
) (/nix/store/00fq34rkqxmppgjq8rm99m58mk560cld-texlive-combined-2022-texmfdist/tex/latex/blindtext/blindtext.sty
Package: blindtext 2012/01/06 V2.0 blindtext-Package
 (/nix/store/00fq34rkqxmppgjq8rm99m58mk560cld-texlive-combined-2022-texmfdist/tex/latex/tools/xspace.sty
Package: xspace 2014/10/28 v1.13 Space after command names (DPC,MH)
)
\c@blindtext=\count194
\c@Blindtext=\count195
\c@blind@countparstart=\count196
\blind@countxx=\count197
\blindtext@numBlindtext=\count198
\blind@countyy=\count199
\c@blindlist=\count266
\c@blindlistlevel=\count267
\c@blindlist@level=\count268
\blind@listitem=\count269
\c@blind@listcount=\count270
\c@blind@levelcount=\count271
\blind@mathformula=\count272
\blind@Mathformula=\count273
\c@blind@randomcount=\count274
\c@blind@randommax=\count275
\c@blind@pangramcount=\count276
\c@blind@pangrammax=\count277
) (/nix/store/00fq34rkqxmppgjq8rm99m58mk560cld-texlive-combined-2022-texmfdist/tex/latex/listings/listings.sty (/nix/store/00fq34rkqxmppgjq8rm99m58mk560cld-texlive-combined-2022-texmfdist/tex/latex/graphics/keyval.sty
Package: keyval 2022/05/29 v1.15 key=value parser (DPC)
\KV@toks@=\toks19
)
\lst@mode=\count278
\lst@gtempboxa=\box53
\lst@token=\toks20
\lst@length=\count279
\lst@currlwidth=\dimen146
\lst@column=\count280
\lst@pos=\count281
\lst@lostspace=\dimen147
\lst@width=\dimen148
\lst@newlines=\count282
\lst@lineno=\count283
\lst@maxwidth=\dimen149
 (/nix/store/00fq34rkqxmppgjq8rm99m58mk560cld-texlive-combined-2022-texmfdist/tex/latex/listings/lstmisc.sty
File: lstmisc.sty 2023/02/27 1.9 (Carsten Heinz)
\c@lstnumber=\count284
\lst@skipnumbers=\count285
\lst@framebox=\box54
) (/nix/store/00fq34rkqxmppgjq8rm99m58mk560cld-texlive-combined-2022-texmfdist/tex/latex/listings/listings.cfg
File: listings.cfg 2023/02/27 1.9 listings configuration
))
Package: listings 2023/02/27 1.9 (Carsten Heinz)
 (/nix/store/00fq34rkqxmppgjq8rm99m58mk560cld-texlive-combined-2022-texmfdist/tex/latex/geometry/geometry.sty
Package: geometry 2020/01/02 v5.9 Page Geometry
 (/nix/store/00fq34rkqxmppgjq8rm99m58mk560cld-texlive-combined-2022-texmfdist/tex/generic/iftex/ifvtex.sty
Package: ifvtex 2019/10/25 v1.7 ifvtex legacy package. Use iftex instead.
 (/nix/store/00fq34rkqxmppgjq8rm99m58mk560cld-texlive-combined-2022-texmfdist/tex/generic/iftex/iftex.sty
Package: iftex 2022/02/03 v1.0f TeX engine tests
))
\Gm@cnth=\count286
\Gm@cntv=\count287
\c@Gm@tempcnt=\count288
\Gm@bindingoffset=\dimen150
\Gm@wd@mp=\dimen151
\Gm@odd@mp=\dimen152
\Gm@even@mp=\dimen153
\Gm@layoutwidth=\dimen154
\Gm@layoutheight=\dimen155
\Gm@layouthoffset=\dimen156
\Gm@layoutvoffset=\dimen157
\Gm@dimlist=\toks21
) (/nix/store/00fq34rkqxmppgjq8rm99m58mk560cld-texlive-combined-2022-texmfdist/tex/latex/graphics/graphicx.sty
Package: graphicx 2021/09/16 v1.2d Enhanced LaTeX Graphics (DPC,SPQR)
 (/nix/store/00fq34rkqxmppgjq8rm99m58mk560cld-texlive-combined-2022-texmfdist/tex/latex/graphics/graphics.sty
Package: graphics 2022/03/10 v1.4e Standard LaTeX Graphics (DPC,SPQR)
 (/nix/store/00fq34rkqxmppgjq8rm99m58mk560cld-texlive-combined-2022-texmfdist/tex/latex/graphics/trig.sty
Package: trig 2021/08/11 v1.11 sin cos tan (DPC)
) (/nix/store/00fq34rkqxmppgjq8rm99m58mk560cld-texlive-combined-2022-texmfdist/tex/latex/graphics-cfg/graphics.cfg
File: graphics.cfg 2016/06/04 v1.11 sample graphics configuration
)
Package graphics Info: Driver file: pdftex.def on input line 107.
)
\Gin@req@height=\dimen158
\Gin@req@width=\dimen159
) (/nix/store/00fq34rkqxmppgjq8rm99m58mk560cld-texlive-combined-2022-texmfdist/tex/latex/fancyhdr/fancyhdr.sty
Package: fancyhdr 2022/11/09 v4.1 Extensive control of page headers and footers
\f@nch@headwidth=\skip52
\f@nch@O@elh=\skip53
\f@nch@O@erh=\skip54
\f@nch@O@olh=\skip55
\f@nch@O@orh=\skip56
\f@nch@O@elf=\skip57
\f@nch@O@erf=\skip58
\f@nch@O@olf=\skip59
\f@nch@O@orf=\skip60
)
(/nix/store/00fq34rkqxmppgjq8rm99m58mk560cld-texlive-combined-2022-texmfdist/tex/latex/footmisc/footmisc.sty
Package: footmisc 2022/03/08 v6.0d a miscellany of footnote facilities
\FN@temptoken=\toks22
\footnotemargin=\dimen160
\@outputbox@depth=\dimen161
Package footmisc Info: Declaring symbol style bringhurst on input line 695.
Package footmisc Info: Declaring symbol style chicago on input line 703.
Package footmisc Info: Declaring symbol style wiley on input line 712.
Package footmisc Info: Declaring symbol style lamport-robust on input line 723.
Package footmisc Info: Declaring symbol style lamport* on input line 743.
Package footmisc Info: Declaring symbol style lamport*-robust on input line 764.
) (/nix/store/00fq34rkqxmppgjq8rm99m58mk560cld-texlive-combined-2022-texmfdist/tex/latex/mdframed/mdframed.sty
Package: mdframed 2013/07/01 1.9b: mdframed
 (/nix/store/00fq34rkqxmppgjq8rm99m58mk560cld-texlive-combined-2022-texmfdist/tex/latex/kvoptions/kvoptions.sty
Package: kvoptions 2022-06-15 v3.15 Key value format for package options (HO)
 (/nix/store/00fq34rkqxmppgjq8rm99m58mk560cld-texlive-combined-2022-texmfdist/tex/generic/ltxcmds/ltxcmds.sty
Package: ltxcmds 2020-05-10 v1.25 LaTeX kernel commands for general use (HO)
) (/nix/store/00fq34rkqxmppgjq8rm99m58mk560cld-texlive-combined-2022-texmfdist/tex/latex/kvsetkeys/kvsetkeys.sty
Package: kvsetkeys 2022-10-05 v1.19 Key value parser (HO)
)) (/nix/store/00fq34rkqxmppgjq8rm99m58mk560cld-texlive-combined-2022-texmfdist/tex/latex/l3packages/xparse/xparse.sty (/nix/store/00fq34rkqxmppgjq8rm99m58mk560cld-texlive-combined-2022-texmfdist/tex/latex/l3kernel/expl3.sty
Package: expl3 2023-02-22 L3 programming layer (loader) 
 (/nix/store/00fq34rkqxmppgjq8rm99m58mk560cld-texlive-combined-2022-texmfdist/tex/latex/l3backend/l3backend-pdftex.def
File: l3backend-pdftex.def 2023-01-16 L3 backend support: PDF output (pdfTeX)
\l__color_backend_stack_int=\count289
\l__pdf_internal_box=\box55
))
Package: xparse 2023-02-02 L3 Experimental document command parser
) (/nix/store/00fq34rkqxmppgjq8rm99m58mk560cld-texlive-combined-2022-texmfdist/tex/latex/etoolbox/etoolbox.sty
Package: etoolbox 2020/10/05 v2.5k e-TeX tools for LaTeX (JAW)
\etb@tempcnta=\count290
) (/nix/store/00fq34rkqxmppgjq8rm99m58mk560cld-texlive-combined-2022-texmfdist/tex/latex/zref/zref-abspage.sty
Package: zref-abspage 2022-04-07 v2.34 Module abspage for zref (HO)
 (/nix/store/00fq34rkqxmppgjq8rm99m58mk560cld-texlive-combined-2022-texmfdist/tex/latex/zref/zref-base.sty
Package: zref-base 2022-04-07 v2.34 Module base for zref (HO)
 (/nix/store/00fq34rkqxmppgjq8rm99m58mk560cld-texlive-combined-2022-texmfdist/tex/generic/infwarerr/infwarerr.sty
Package: infwarerr 2019/12/03 v1.5 Providing info/warning/error messages (HO)
) (/nix/store/00fq34rkqxmppgjq8rm99m58mk560cld-texlive-combined-2022-texmfdist/tex/generic/kvdefinekeys/kvdefinekeys.sty
Package: kvdefinekeys 2019-12-19 v1.6 Define keys (HO)
) (/nix/store/00fq34rkqxmppgjq8rm99m58mk560cld-texlive-combined-2022-texmfdist/tex/generic/pdftexcmds/pdftexcmds.sty
Package: pdftexcmds 2020-06-27 v0.33 Utility functions of pdfTeX for LuaTeX (HO)
Package pdftexcmds Info: \pdf@primitive is available.
Package pdftexcmds Info: \pdf@ifprimitive is available.
Package pdftexcmds Info: \pdfdraftmode found.
) (/nix/store/00fq34rkqxmppgjq8rm99m58mk560cld-texlive-combined-2022-texmfdist/tex/generic/etexcmds/etexcmds.sty
Package: etexcmds 2019/12/15 v1.7 Avoid name clashes with e-TeX commands (HO)
) (/nix/store/00fq34rkqxmppgjq8rm99m58mk560cld-texlive-combined-2022-texmfdist/tex/latex/auxhook/auxhook.sty
Package: auxhook 2019-12-17 v1.6 Hooks for auxiliary files (HO)
)
Package zref Info: New property list: main on input line 767.
Package zref Info: New property: default on input line 768.
Package zref Info: New property: page on input line 769.
) (/nix/store/00fq34rkqxmppgjq8rm99m58mk560cld-texlive-combined-2022-texmfdist/tex/latex/base/atbegshi-ltx.sty
Package: atbegshi-ltx 2021/01/10 v1.0c Emulation of the original atbegshi
package with kernel methods
)
\c@abspage=\count291
Package zref Info: New property: abspage on input line 65.
)
(/nix/store/00fq34rkqxmppgjq8rm99m58mk560cld-texlive-combined-2022-texmfdist/tex/latex/needspace/needspace.sty
Package: needspace 2010/09/12 v1.3d reserve vertical space
)
\mdf@templength=\skip61
\c@mdf@globalstyle@cnt=\count292
\mdf@skipabove@length=\skip62
\mdf@skipbelow@length=\skip63
\mdf@leftmargin@length=\skip64
\mdf@rightmargin@length=\skip65
\mdf@innerleftmargin@length=\skip66
\mdf@innerrightmargin@length=\skip67
\mdf@innertopmargin@length=\skip68
\mdf@innerbottommargin@length=\skip69
\mdf@splittopskip@length=\skip70
\mdf@splitbottomskip@length=\skip71
\mdf@outermargin@length=\skip72
\mdf@innermargin@length=\skip73
\mdf@linewidth@length=\skip74
\mdf@innerlinewidth@length=\skip75
\mdf@middlelinewidth@length=\skip76
\mdf@outerlinewidth@length=\skip77
\mdf@roundcorner@length=\skip78
\mdf@footenotedistance@length=\skip79
\mdf@userdefinedwidth@length=\skip80
\mdf@needspace@length=\skip81
\mdf@frametitleaboveskip@length=\skip82
\mdf@frametitlebelowskip@length=\skip83
\mdf@frametitlerulewidth@length=\skip84
\mdf@frametitleleftmargin@length=\skip85
\mdf@frametitlerightmargin@length=\skip86
\mdf@shadowsize@length=\skip87
\mdf@extratopheight@length=\skip88
\mdf@subtitleabovelinewidth@length=\skip89
\mdf@subtitlebelowlinewidth@length=\skip90
\mdf@subtitleaboveskip@length=\skip91
\mdf@subtitlebelowskip@length=\skip92
\mdf@subtitleinneraboveskip@length=\skip93
\mdf@subtitleinnerbelowskip@length=\skip94
\mdf@subsubtitleabovelinewidth@length=\skip95
\mdf@subsubtitlebelowlinewidth@length=\skip96
\mdf@subsubtitleaboveskip@length=\skip97
\mdf@subsubtitlebelowskip@length=\skip98
\mdf@subsubtitleinneraboveskip@length=\skip99
\mdf@subsubtitleinnerbelowskip@length=\skip100
 (/nix/store/00fq34rkqxmppgjq8rm99m58mk560cld-texlive-combined-2022-texmfdist/tex/latex/pgf/frontendlayer/tikz.sty (/nix/store/00fq34rkqxmppgjq8rm99m58mk560cld-texlive-combined-2022-texmfdist/tex/latex/pgf/basiclayer/pgf.sty (/nix/store/00fq34rkqxmppgjq8rm99m58mk560cld-texlive-combined-2022-texmfdist/tex/latex/pgf/utilities/pgfrcs.sty (/nix/store/00fq34rkqxmppgjq8rm99m58mk560cld-texlive-combined-2022-texmfdist/tex/generic/pgf/utilities/pgfutil-common.tex
\pgfutil@everybye=\toks23
\pgfutil@tempdima=\dimen162
\pgfutil@tempdimb=\dimen163
) (/nix/store/00fq34rkqxmppgjq8rm99m58mk560cld-texlive-combined-2022-texmfdist/tex/generic/pgf/utilities/pgfutil-latex.def
\pgfutil@abb=\box56
) (/nix/store/00fq34rkqxmppgjq8rm99m58mk560cld-texlive-combined-2022-texmfdist/tex/generic/pgf/utilities/pgfrcs.code.tex (/nix/store/00fq34rkqxmppgjq8rm99m58mk560cld-texlive-combined-2022-texmfdist/tex/generic/pgf/pgf.revision.tex)
Package: pgfrcs 2023-01-15 v3.1.10 (3.1.10)
))
Package: pgf 2023-01-15 v3.1.10 (3.1.10)
 (/nix/store/00fq34rkqxmppgjq8rm99m58mk560cld-texlive-combined-2022-texmfdist/tex/latex/pgf/basiclayer/pgfcore.sty (/nix/store/00fq34rkqxmppgjq8rm99m58mk560cld-texlive-combined-2022-texmfdist/tex/latex/pgf/systemlayer/pgfsys.sty (/nix/store/00fq34rkqxmppgjq8rm99m58mk560cld-texlive-combined-2022-texmfdist/tex/generic/pgf/systemlayer/pgfsys.code.tex
Package: pgfsys 2023-01-15 v3.1.10 (3.1.10)
 (/nix/store/00fq34rkqxmppgjq8rm99m58mk560cld-texlive-combined-2022-texmfdist/tex/generic/pgf/utilities/pgfkeys.code.tex
\pgfkeys@pathtoks=\toks24
\pgfkeys@temptoks=\toks25
 (/nix/store/00fq34rkqxmppgjq8rm99m58mk560cld-texlive-combined-2022-texmfdist/tex/generic/pgf/utilities/pgfkeyslibraryfiltered.code.tex
\pgfkeys@tmptoks=\toks26
))
\pgf@x=\dimen164
\pgf@y=\dimen165
\pgf@xa=\dimen166
\pgf@ya=\dimen167
\pgf@xb=\dimen168
\pgf@yb=\dimen169
\pgf@xc=\dimen170
\pgf@yc=\dimen171
\pgf@xd=\dimen172
\pgf@yd=\dimen173
\w@pgf@writea=\write3
\r@pgf@reada=\read2
\c@pgf@counta=\count293
\c@pgf@countb=\count294
\c@pgf@countc=\count295
\c@pgf@countd=\count296
\t@pgf@toka=\toks27
\t@pgf@tokb=\toks28
\t@pgf@tokc=\toks29
\pgf@sys@id@count=\count297
 (/nix/store/00fq34rkqxmppgjq8rm99m58mk560cld-texlive-combined-2022-texmfdist/tex/generic/pgf/systemlayer/pgf.cfg
File: pgf.cfg 2023-01-15 v3.1.10 (3.1.10)
)
Driver file for pgf: pgfsys-pdftex.def
 (/nix/store/00fq34rkqxmppgjq8rm99m58mk560cld-texlive-combined-2022-texmfdist/tex/generic/pgf/systemlayer/pgfsys-pdftex.def
File: pgfsys-pdftex.def 2023-01-15 v3.1.10 (3.1.10)
 (/nix/store/00fq34rkqxmppgjq8rm99m58mk560cld-texlive-combined-2022-texmfdist/tex/generic/pgf/systemlayer/pgfsys-common-pdf.def
File: pgfsys-common-pdf.def 2023-01-15 v3.1.10 (3.1.10)
)))
(/nix/store/00fq34rkqxmppgjq8rm99m58mk560cld-texlive-combined-2022-texmfdist/tex/generic/pgf/systemlayer/pgfsyssoftpath.code.tex
File: pgfsyssoftpath.code.tex 2023-01-15 v3.1.10 (3.1.10)
\pgfsyssoftpath@smallbuffer@items=\count298
\pgfsyssoftpath@bigbuffer@items=\count299
) (/nix/store/00fq34rkqxmppgjq8rm99m58mk560cld-texlive-combined-2022-texmfdist/tex/generic/pgf/systemlayer/pgfsysprotocol.code.tex
File: pgfsysprotocol.code.tex 2023-01-15 v3.1.10 (3.1.10)
)) (/nix/store/00fq34rkqxmppgjq8rm99m58mk560cld-texlive-combined-2022-texmfdist/tex/generic/pgf/basiclayer/pgfcore.code.tex
Package: pgfcore 2023-01-15 v3.1.10 (3.1.10)
 (/nix/store/00fq34rkqxmppgjq8rm99m58mk560cld-texlive-combined-2022-texmfdist/tex/generic/pgf/math/pgfmath.code.tex (/nix/store/00fq34rkqxmppgjq8rm99m58mk560cld-texlive-combined-2022-texmfdist/tex/generic/pgf/math/pgfmathutil.code.tex) (/nix/store/00fq34rkqxmppgjq8rm99m58mk560cld-texlive-combined-2022-texmfdist/tex/generic/pgf/math/pgfmathparser.code.tex
\pgfmath@dimen=\dimen174
\pgfmath@count=\count300
\pgfmath@box=\box57
\pgfmath@toks=\toks30
\pgfmath@stack@operand=\toks31
\pgfmath@stack@operation=\toks32
) (/nix/store/00fq34rkqxmppgjq8rm99m58mk560cld-texlive-combined-2022-texmfdist/tex/generic/pgf/math/pgfmathfunctions.code.tex) (/nix/store/00fq34rkqxmppgjq8rm99m58mk560cld-texlive-combined-2022-texmfdist/tex/generic/pgf/math/pgfmathfunctions.basic.code.tex) (/nix/store/00fq34rkqxmppgjq8rm99m58mk560cld-texlive-combined-2022-texmfdist/tex/generic/pgf/math/pgfmathfunctions.trigonometric.code.tex) (/nix/store/00fq34rkqxmppgjq8rm99m58mk560cld-texlive-combined-2022-texmfdist/tex/generic/pgf/math/pgfmathfunctions.random.code.tex) (/nix/store/00fq34rkqxmppgjq8rm99m58mk560cld-texlive-combined-2022-texmfdist/tex/generic/pgf/math/pgfmathfunctions.comparison.code.tex) (/nix/store/00fq34rkqxmppgjq8rm99m58mk560cld-texlive-combined-2022-texmfdist/tex/generic/pgf/math/pgfmathfunctions.base.code.tex) (/nix/store/00fq34rkqxmppgjq8rm99m58mk560cld-texlive-combined-2022-texmfdist/tex/generic/pgf/math/pgfmathfunctions.round.code.tex) (/nix/store/00fq34rkqxmppgjq8rm99m58mk560cld-texlive-combined-2022-texmfdist/tex/generic/pgf/math/pgfmathfunctions.misc.code.tex) (/nix/store/00fq34rkqxmppgjq8rm99m58mk560cld-texlive-combined-2022-texmfdist/tex/generic/pgf/math/pgfmathfunctions.integerarithmetics.code.tex)
(/nix/store/00fq34rkqxmppgjq8rm99m58mk560cld-texlive-combined-2022-texmfdist/tex/generic/pgf/math/pgfmathcalc.code.tex) (/nix/store/00fq34rkqxmppgjq8rm99m58mk560cld-texlive-combined-2022-texmfdist/tex/generic/pgf/math/pgfmathfloat.code.tex
\c@pgfmathroundto@lastzeros=\count301
)) (/nix/store/00fq34rkqxmppgjq8rm99m58mk560cld-texlive-combined-2022-texmfdist/tex/generic/pgf/math/pgfint.code.tex) (/nix/store/00fq34rkqxmppgjq8rm99m58mk560cld-texlive-combined-2022-texmfdist/tex/generic/pgf/basiclayer/pgfcorepoints.code.tex
File: pgfcorepoints.code.tex 2023-01-15 v3.1.10 (3.1.10)
\pgf@picminx=\dimen175
\pgf@picmaxx=\dimen176
\pgf@picminy=\dimen177
\pgf@picmaxy=\dimen178
\pgf@pathminx=\dimen179
\pgf@pathmaxx=\dimen180
\pgf@pathminy=\dimen181
\pgf@pathmaxy=\dimen182
\pgf@xx=\dimen183
\pgf@xy=\dimen184
\pgf@yx=\dimen185
\pgf@yy=\dimen186
\pgf@zx=\dimen187
\pgf@zy=\dimen188
) (/nix/store/00fq34rkqxmppgjq8rm99m58mk560cld-texlive-combined-2022-texmfdist/tex/generic/pgf/basiclayer/pgfcorepathconstruct.code.tex
File: pgfcorepathconstruct.code.tex 2023-01-15 v3.1.10 (3.1.10)
\pgf@path@lastx=\dimen189
\pgf@path@lasty=\dimen190
) (/nix/store/00fq34rkqxmppgjq8rm99m58mk560cld-texlive-combined-2022-texmfdist/tex/generic/pgf/basiclayer/pgfcorepathusage.code.tex
File: pgfcorepathusage.code.tex 2023-01-15 v3.1.10 (3.1.10)
\pgf@shorten@end@additional=\dimen191
\pgf@shorten@start@additional=\dimen192
) (/nix/store/00fq34rkqxmppgjq8rm99m58mk560cld-texlive-combined-2022-texmfdist/tex/generic/pgf/basiclayer/pgfcorescopes.code.tex
File: pgfcorescopes.code.tex 2023-01-15 v3.1.10 (3.1.10)
\pgfpic=\box58
\pgf@hbox=\box59
\pgf@layerbox@main=\box60
\pgf@picture@serial@count=\count302
) (/nix/store/00fq34rkqxmppgjq8rm99m58mk560cld-texlive-combined-2022-texmfdist/tex/generic/pgf/basiclayer/pgfcoregraphicstate.code.tex
File: pgfcoregraphicstate.code.tex 2023-01-15 v3.1.10 (3.1.10)
\pgflinewidth=\dimen193
) (/nix/store/00fq34rkqxmppgjq8rm99m58mk560cld-texlive-combined-2022-texmfdist/tex/generic/pgf/basiclayer/pgfcoretransformations.code.tex
File: pgfcoretransformations.code.tex 2023-01-15 v3.1.10 (3.1.10)
\pgf@pt@x=\dimen194
\pgf@pt@y=\dimen195
\pgf@pt@temp=\dimen196
) (/nix/store/00fq34rkqxmppgjq8rm99m58mk560cld-texlive-combined-2022-texmfdist/tex/generic/pgf/basiclayer/pgfcorequick.code.tex
File: pgfcorequick.code.tex 2023-01-15 v3.1.10 (3.1.10)
) (/nix/store/00fq34rkqxmppgjq8rm99m58mk560cld-texlive-combined-2022-texmfdist/tex/generic/pgf/basiclayer/pgfcoreobjects.code.tex
File: pgfcoreobjects.code.tex 2023-01-15 v3.1.10 (3.1.10)
) (/nix/store/00fq34rkqxmppgjq8rm99m58mk560cld-texlive-combined-2022-texmfdist/tex/generic/pgf/basiclayer/pgfcorepathprocessing.code.tex
File: pgfcorepathprocessing.code.tex 2023-01-15 v3.1.10 (3.1.10)
) (/nix/store/00fq34rkqxmppgjq8rm99m58mk560cld-texlive-combined-2022-texmfdist/tex/generic/pgf/basiclayer/pgfcorearrows.code.tex
File: pgfcorearrows.code.tex 2023-01-15 v3.1.10 (3.1.10)
\pgfarrowsep=\dimen197
) (/nix/store/00fq34rkqxmppgjq8rm99m58mk560cld-texlive-combined-2022-texmfdist/tex/generic/pgf/basiclayer/pgfcoreshade.code.tex
File: pgfcoreshade.code.tex 2023-01-15 v3.1.10 (3.1.10)
\pgf@max=\dimen198
\pgf@sys@shading@range@num=\count303
\pgf@shadingcount=\count304
) (/nix/store/00fq34rkqxmppgjq8rm99m58mk560cld-texlive-combined-2022-texmfdist/tex/generic/pgf/basiclayer/pgfcoreimage.code.tex
File: pgfcoreimage.code.tex 2023-01-15 v3.1.10 (3.1.10)
)
(/nix/store/00fq34rkqxmppgjq8rm99m58mk560cld-texlive-combined-2022-texmfdist/tex/generic/pgf/basiclayer/pgfcoreexternal.code.tex
File: pgfcoreexternal.code.tex 2023-01-15 v3.1.10 (3.1.10)
\pgfexternal@startupbox=\box61
) (/nix/store/00fq34rkqxmppgjq8rm99m58mk560cld-texlive-combined-2022-texmfdist/tex/generic/pgf/basiclayer/pgfcorelayers.code.tex
File: pgfcorelayers.code.tex 2023-01-15 v3.1.10 (3.1.10)
) (/nix/store/00fq34rkqxmppgjq8rm99m58mk560cld-texlive-combined-2022-texmfdist/tex/generic/pgf/basiclayer/pgfcoretransparency.code.tex
File: pgfcoretransparency.code.tex 2023-01-15 v3.1.10 (3.1.10)
) (/nix/store/00fq34rkqxmppgjq8rm99m58mk560cld-texlive-combined-2022-texmfdist/tex/generic/pgf/basiclayer/pgfcorepatterns.code.tex
File: pgfcorepatterns.code.tex 2023-01-15 v3.1.10 (3.1.10)
) (/nix/store/00fq34rkqxmppgjq8rm99m58mk560cld-texlive-combined-2022-texmfdist/tex/generic/pgf/basiclayer/pgfcorerdf.code.tex
File: pgfcorerdf.code.tex 2023-01-15 v3.1.10 (3.1.10)
))) (/nix/store/00fq34rkqxmppgjq8rm99m58mk560cld-texlive-combined-2022-texmfdist/tex/generic/pgf/modules/pgfmoduleshapes.code.tex
File: pgfmoduleshapes.code.tex 2023-01-15 v3.1.10 (3.1.10)
\pgfnodeparttextbox=\box62
) (/nix/store/00fq34rkqxmppgjq8rm99m58mk560cld-texlive-combined-2022-texmfdist/tex/generic/pgf/modules/pgfmoduleplot.code.tex
File: pgfmoduleplot.code.tex 2023-01-15 v3.1.10 (3.1.10)
) (/nix/store/00fq34rkqxmppgjq8rm99m58mk560cld-texlive-combined-2022-texmfdist/tex/latex/pgf/compatibility/pgfcomp-version-0-65.sty
Package: pgfcomp-version-0-65 2023-01-15 v3.1.10 (3.1.10)
\pgf@nodesepstart=\dimen199
\pgf@nodesepend=\dimen256
) (/nix/store/00fq34rkqxmppgjq8rm99m58mk560cld-texlive-combined-2022-texmfdist/tex/latex/pgf/compatibility/pgfcomp-version-1-18.sty
Package: pgfcomp-version-1-18 2023-01-15 v3.1.10 (3.1.10)
)) (/nix/store/00fq34rkqxmppgjq8rm99m58mk560cld-texlive-combined-2022-texmfdist/tex/latex/pgf/utilities/pgffor.sty (/nix/store/00fq34rkqxmppgjq8rm99m58mk560cld-texlive-combined-2022-texmfdist/tex/latex/pgf/utilities/pgfkeys.sty (/nix/store/00fq34rkqxmppgjq8rm99m58mk560cld-texlive-combined-2022-texmfdist/tex/generic/pgf/utilities/pgfkeys.code.tex)) (/nix/store/00fq34rkqxmppgjq8rm99m58mk560cld-texlive-combined-2022-texmfdist/tex/latex/pgf/math/pgfmath.sty (/nix/store/00fq34rkqxmppgjq8rm99m58mk560cld-texlive-combined-2022-texmfdist/tex/generic/pgf/math/pgfmath.code.tex)) (/nix/store/00fq34rkqxmppgjq8rm99m58mk560cld-texlive-combined-2022-texmfdist/tex/generic/pgf/utilities/pgffor.code.tex
Package: pgffor 2023-01-15 v3.1.10 (3.1.10)
\pgffor@iter=\dimen257
\pgffor@skip=\dimen258
\pgffor@stack=\toks33
\pgffor@toks=\toks34
)) (/nix/store/00fq34rkqxmppgjq8rm99m58mk560cld-texlive-combined-2022-texmfdist/tex/generic/pgf/frontendlayer/tikz/tikz.code.tex
Package: tikz 2023-01-15 v3.1.10 (3.1.10)

(/nix/store/00fq34rkqxmppgjq8rm99m58mk560cld-texlive-combined-2022-texmfdist/tex/generic/pgf/libraries/pgflibraryplothandlers.code.tex
File: pgflibraryplothandlers.code.tex 2023-01-15 v3.1.10 (3.1.10)
\pgf@plot@mark@count=\count305
\pgfplotmarksize=\dimen259
)
\tikz@lastx=\dimen260
\tikz@lasty=\dimen261
\tikz@lastxsaved=\dimen262
\tikz@lastysaved=\dimen263
\tikz@lastmovetox=\dimen264
\tikz@lastmovetoy=\dimen265
\tikzleveldistance=\dimen266
\tikzsiblingdistance=\dimen267
\tikz@figbox=\box63
\tikz@figbox@bg=\box64
\tikz@tempbox=\box65
\tikz@tempbox@bg=\box66
\tikztreelevel=\count306
\tikznumberofchildren=\count307
\tikznumberofcurrentchild=\count308
\tikz@fig@count=\count309
 (/nix/store/00fq34rkqxmppgjq8rm99m58mk560cld-texlive-combined-2022-texmfdist/tex/generic/pgf/modules/pgfmodulematrix.code.tex
File: pgfmodulematrix.code.tex 2023-01-15 v3.1.10 (3.1.10)
\pgfmatrixcurrentrow=\count310
\pgfmatrixcurrentcolumn=\count311
\pgf@matrix@numberofcolumns=\count312
)
\tikz@expandcount=\count313
 (/nix/store/00fq34rkqxmppgjq8rm99m58mk560cld-texlive-combined-2022-texmfdist/tex/generic/pgf/frontendlayer/tikz/libraries/tikzlibrarytopaths.code.tex
File: tikzlibrarytopaths.code.tex 2023-01-15 v3.1.10 (3.1.10)
))) (/nix/store/00fq34rkqxmppgjq8rm99m58mk560cld-texlive-combined-2022-texmfdist/tex/latex/mdframed/md-frame-1.mdf
File: md-frame-1.mdf 2013/07/01\ 1.9b: md-frame-1
)
\mdf@frametitlebox=\box67
\mdf@footnotebox=\box68
\mdf@splitbox@one=\box69
\mdf@splitbox@two=\box70
\mdf@splitbox@save=\box71
\mdfsplitboxwidth=\skip101
\mdfsplitboxtotalwidth=\skip102
\mdfsplitboxheight=\skip103
\mdfsplitboxdepth=\skip104
\mdfsplitboxtotalheight=\skip105
\mdfframetitleboxwidth=\skip106
\mdfframetitleboxtotalwidth=\skip107
\mdfframetitleboxheight=\skip108
\mdfframetitleboxdepth=\skip109
\mdfframetitleboxtotalheight=\skip110
\mdffootnoteboxwidth=\skip111
\mdffootnoteboxtotalwidth=\skip112
\mdffootnoteboxheight=\skip113
\mdffootnoteboxdepth=\skip114
\mdffootnoteboxtotalheight=\skip115
\mdftotallinewidth=\skip116
\mdfboundingboxwidth=\skip117
\mdfboundingboxtotalwidth=\skip118
\mdfboundingboxheight=\skip119
\mdfboundingboxdepth=\skip120
\mdfboundingboxtotalheight=\skip121
\mdf@freevspace@length=\skip122
\mdf@horizontalwidthofbox@length=\skip123
\mdf@verticalmarginwhole@length=\skip124
\mdf@horizontalspaceofbox=\skip125
\mdfsubtitleheight=\skip126
\mdfsubsubtitleheight=\skip127
\c@mdfcountframes=\count314

****** mdframed patching \endmdf@trivlist

****** -- success******

\mdf@envdepth=\count315
\c@mdf@env@i=\count316
\c@mdf@env@ii=\count317
\c@mdf@zref@counter=\count318
Package zref Info: New property: mdf@pagevalue on input line 895.
) (/nix/store/00fq34rkqxmppgjq8rm99m58mk560cld-texlive-combined-2022-texmfdist/tex/latex/parskip/parskip.sty
Package: parskip 2021-03-14 v2.0h non-zero parskip adjustments
) (/nix/store/00fq34rkqxmppgjq8rm99m58mk560cld-texlive-combined-2022-texmfdist/tex/latex/enumitem/enumitem.sty
Package: enumitem 2019/06/20 v3.9 Customized lists
\labelindent=\skip128
\enit@outerparindent=\dimen268
\enit@toks=\toks35
\enit@inbox=\box72
\enit@count@id=\count319
\enitdp@description=\count320
) (/nix/store/00fq34rkqxmppgjq8rm99m58mk560cld-texlive-combined-2022-texmfdist/tex/latex/csquotes/csquotes.sty
Package: csquotes 2022-09-14 v5.2n context-sensitive quotations (JAW)
\csq@reset=\count321
\csq@gtype=\count322
\csq@glevel=\count323
\csq@qlevel=\count324
\csq@maxlvl=\count325
\csq@tshold=\count326
\csq@ltx@everypar=\toks36
 (/nix/store/00fq34rkqxmppgjq8rm99m58mk560cld-texlive-combined-2022-texmfdist/tex/latex/csquotes/csquotes.def
File: csquotes.def 2022-09-14 v5.2n csquotes generic definitions (JAW)
)
Package csquotes Info: Trying to load configuration file 'csquotes.cfg'...
Package csquotes Info: ... configuration file loaded successfully.
 (/nix/store/00fq34rkqxmppgjq8rm99m58mk560cld-texlive-combined-2022-texmfdist/tex/latex/csquotes/csquotes.cfg
File: csquotes.cfg 
)) (/nix/store/00fq34rkqxmppgjq8rm99m58mk560cld-texlive-combined-2022-texmfdist/tex/latex/float/float.sty
Package: float 2001/11/08 v1.3d Float enhancements (AL)
\c@float@type=\count327
\float@exts=\toks37
\float@box=\box73
\@float@everytoks=\toks38
\@floatcapt=\box74
)

! LaTeX Error: File `bbm.sty' not found.

Type X to quit or <RETURN> to proceed,
or enter new name. (Default extension: sty)

Enter file name: 
../Nyx/nyx-packages.sty:29: Emergency stop.
<read *> 
         
l.29 ^^M
        
*** (cannot \read from terminal in nonstop modes)

 
Here is how much of TeX's memory you used:
 17163 strings out of 477984
 351264 string characters out of 5835600
 1850388 words of memory out of 5000000
 37068 multiletter control sequences out of 15000+600000
 513349 words of font info for 34 fonts, out of 8000000 for 9000
 14 hyphenation exceptions out of 8191
 119i,0n,116p,546b,261s stack positions out of 10000i,1000n,20000p,200000b,200000s
../Nyx/nyx-packages.sty:29:  ==> Fatal error occurred, no output PDF file produced!
